<?xml version="1.0" encoding="UTF-8"?>
<!-- Generated by org.testng.reporters.JUnitXMLReporter -->
<testsuite ignored="0" hostname="DESKTOP-2T0SI9E" failures="0" tests="1" name="Test-Runner-Chrome" time="101.739" errors="0" timestamp="2024-03-13T11:43:25 IST">
  <testcase classname="contactsTests.CreateNewContactWithLeadSourceTest" name="createContactWithMandatoryField" time="0.0">
    <skipped/>
  </testcase> <!-- createContactWithMandatoryField -->
</testsuite> <!-- Test-Runner-Chrome -->
