<?xml version="1.0" encoding="UTF-8"?>
<!-- Generated by org.testng.reporters.JUnitXMLReporter -->
<testsuite ignored="0" hostname="DESKTOP-2T0SI9E" failures="0" tests="1" name="Test-Runner1" time="103.837" errors="0" timestamp="2024-03-13T10:54:23 IST">
  <testcase classname="contactsTests.CreateNewContactTest01" name="createContactWithMandatoryField1" time="103.714"/>
</testsuite> <!-- Test-Runner1 -->
