<?xml version="1.0" encoding="UTF-8"?>
<!-- Generated by org.testng.reporters.JUnitXMLReporter -->
<testsuite ignored="0" hostname="DESKTOP-2T0SI9E" failures="0" tests="1" name="Test-Runner2" time="103.829" errors="0" timestamp="2024-03-13T10:54:23 IST">
  <testcase classname="contactsTests.CreateNewContactWithLeadSourceTest" name="createContactWithMandatoryField" time="51.743"/>
</testsuite> <!-- Test-Runner2 -->
