<?xml version="1.0" encoding="UTF-8"?>
<!-- Generated by org.testng.reporters.JUnitReportReporter -->
<testsuite hostname="DESKTOP-2T0SI9E" failures="0" tests="1" name="contactsTests.CreateNewContactTest01" time="103.714" errors="0" timestamp="2024-03-13T10:54:23 IST" skipped="0">
  <testcase classname="contactsTests.CreateNewContactTest01" name="createContactWithMandatoryField1" time="103.714"/>
</testsuite> <!-- contactsTests.CreateNewContactTest01 -->
