<?xml version="1.0" encoding="UTF-8"?>
<!-- Generated by org.testng.reporters.JUnitReportReporter -->
<testsuite hostname="DESKTOP-2T0SI9E" failures="0" tests="1" name="contactsTests.CreateNewContactWithLeadSourceTest" time="82.989" errors="0" timestamp="2024-03-22T10:17:52 IST" skipped="0">
  <testcase classname="contactsTests.CreateNewContactWithLeadSourceTest" name="createContactWithMandatoryField" time="82.989"/>
</testsuite> <!-- contactsTests.CreateNewContactWithLeadSourceTest -->
