<?xml version="1.0" encoding="UTF-8"?>
<!-- Generated by org.testng.reporters.JUnitReportReporter -->
<testsuite hostname="DESKTOP-2T0SI9E" failures="0" tests="1" name="contactsTests.CreateNewContactTest" time="195.513" errors="0" timestamp="2024-03-21T11:22:05 IST" skipped="0">
  <testcase classname="contactsTests.CreateNewContactTest" name="createContactWithMandatoryField" time="195.513"/>
</testsuite> <!-- contactsTests.CreateNewContactTest -->
